<?xml version="1.0" encoding="UTF-8"?>
<testng-results ignored="0" total="1" passed="1" failed="0" skipped="0">
  <reporter-output>
  </reporter-output>
  <suite started-at="2020-10-23T04:10:23 IST" name="nykaaEcommerce" finished-at="2020-10-23T04:10:49 IST" duration-ms="25224">
    <groups>
    </groups>
    <test started-at="2020-10-23T04:10:23 IST" name="Nykaa Test" finished-at="2020-10-23T04:10:49 IST" duration-ms="25224">
      <class name="com.nykaa.testCases.TC_Fragrance">
        <test-method is-config="true" signature="setup(java.lang.String)[pri:0, instance:com.nykaa.testCases.TC_Fragrance@143640d5]" started-at="2020-10-23T04:10:24 IST" name="setup" finished-at="2020-10-23T04:10:33 IST" duration-ms="9696" status="PASS">
          <params>
            <param index="0">
              <value>
                <![CDATA[chrome]]>
              </value>
            </param>
          </params>
          <reporter-output>
          </reporter-output>
        </test-method> <!-- setup -->
        <test-method signature="Fragrance()[pri:0, instance:com.nykaa.testCases.TC_Fragrance@143640d5]" started-at="2020-10-23T04:10:33 IST" name="Fragrance" finished-at="2020-10-23T04:10:48 IST" duration-ms="14705" status="PASS">
          <reporter-output>
          </reporter-output>
        </test-method> <!-- Fragrance -->
        <test-method is-config="true" signature="closebrowser()[pri:0, instance:com.nykaa.testCases.TC_Fragrance@143640d5]" started-at="2020-10-23T04:10:48 IST" name="closebrowser" finished-at="2020-10-23T04:10:49 IST" duration-ms="669" status="PASS">
          <reporter-output>
          </reporter-output>
        </test-method> <!-- closebrowser -->
      </class> <!-- com.nykaa.testCases.TC_Fragrance -->
    </test> <!-- Nykaa Test -->
  </suite> <!-- nykaaEcommerce -->
</testng-results>
